
  [32m[1mVITE[22m v8.0.11[39m  [2mready in [0m[1m293[22m[2m[0m ms[22m

  [32m➜[39m  [1mLocal[22m:   [36mhttp://localhost:[1m5173[22m/[39m
  [32m➜[39m  [1mNetwork[22m: [36mhttp://192.168.2.25:[1m5173[22m/[39m
[2m[32m  ➜[39m[22m[2m  press [22m[1mh + enter[22m[2m to show help[22m
[2m11:55:54 ص[22m [31m[1m[vite][22m[39m [31m[2m(client)[22m[39m [2m[console.error] [22mSupabase fetch error, falling back to localStorage: {"code":"PGRST205","details":null,"hint":null,"message":"Could not find the table 'public.products' in the schema cache"}
[2m11:55:54 ص[22m [33m[1m[vite][22m[39m [33m[2m(client)[22m[39m [2m[console.warn] [22mThe width(-1) and height(-1) of chart should be greater than 0,
       please check the style of container, or the props width(100%) and height(90%),
       or add a minWidth(0) or minHeight(undefined) or use aspect(undefined) to control the
       height and width.
[2m11:55:54 ص[22m [33m[1m[vite][22m[39m [33m[2m(client)[22m[39m [2m[console.warn] [22mThe width(-1) and height(-1) of chart should be greater than 0,
       please check the style of container, or the props width(100%) and height(90%),
       or add a minWidth(0) or minHeight(undefined) or use aspect(undefined) to control the
       height and width.
[2m11:55:54 ص[22m [33m[1m[vite][22m[39m [33m[2m(client)[22m[39m [2m[console.warn] [22mThe width(-1) and height(-1) of chart should be greater than 0,
       please check the style of container, or the props width(100%) and height(90%),
       or add a minWidth(0) or minHeight(undefined) or use aspect(undefined) to control the
       height and width.
[2m11:55:54 ص[22m [33m[1m[vite][22m[39m [33m[2m(client)[22m[39m [2m[console.warn] [22mThe width(-1) and height(-1) of chart should be greater than 0,
       please check the style of container, or the props width(100%) and height(90%),
       or add a minWidth(0) or minHeight(undefined) or use aspect(undefined) to control the
       height and width.
[2m11:55:54 ص[22m [31m[1m[vite][22m[39m [31m[2m(client)[22m[39m [2m[console.error] [22mSupabase fetch error, falling back to localStorage: {"code":"PGRST205","details":null,"hint":null,"message":"Could not find the table 'public.products' in the schema cache"}
[2m11:57:20 ص[22m [31m[1m[vite][22m[39m [31m[2m(client)[22m[39m [2m[console.error] [22m{"code":"PGRST205","details":null,"hint":null,"message":"Could not find the table 'public.products' in the schema cache"}
[2m11:57:37 ص[22m [31m[1m[vite][22m[39m [31m[2m(client)[22m[39m [2m[console.error] [22m{"code":"PGRST205","details":null,"hint":null,"message":"Could not find the table 'public.products' in the schema cache"}
[2m11:57:48 ص[22m [33m[1m[vite][22m[39m [33m[2m(client)[22m[39m [2m[console.warn] [22mThe width(-1) and height(-1) of chart should be greater than 0,
       please check the style of container, or the props width(100%) and height(90%),
       or add a minWidth(0) or minHeight(undefined) or use aspect(undefined) to control the
       height and width.
[2m11:57:48 ص[22m [33m[1m[vite][22m[39m [33m[2m(client)[22m[39m [2m[console.warn] [22mThe width(-1) and height(-1) of chart should be greater than 0,
       please check the style of container, or the props width(100%) and height(90%),
       or add a minWidth(0) or minHeight(undefined) or use aspect(undefined) to control the
       height and width.
[2m11:57:48 ص[22m [33m[1m[vite][22m[39m [33m[2m(client)[22m[39m [2m[console.warn] [22mThe width(-1) and height(-1) of chart should be greater than 0,
       please check the style of container, or the props width(100%) and height(90%),
       or add a minWidth(0) or minHeight(undefined) or use aspect(undefined) to control the
       height and width.
[2m11:57:48 ص[22m [33m[1m[vite][22m[39m [33m[2m(client)[22m[39m [2m[console.warn] [22mThe width(-1) and height(-1) of chart should be greater than 0,
       please check the style of container, or the props width(100%) and height(90%),
       or add a minWidth(0) or minHeight(undefined) or use aspect(undefined) to control the
       height and width.
[2m11:59:55 ص[22m [36m[1m[vite][22m[39m [90m[2m(client)[22m[39m [32mhmr update [39m[2m/src/components/Layout.jsx[22m
[2m12:00:00 م[22m [36m[1m[vite][22m[39m [90m[2m(client)[22m[39m [32mhmr update [39m[2m/src/components/Layout.jsx[22m
[2m12:00:15 م[22m [36m[1m[vite][22m[39m [90m[2m(client)[22m[39m [32mhmr update [39m[2m/src/components/Layout.jsx[22m
[2m12:01:23 م[22m [36m[1m[vite][22m[39m [90m[2m(client)[22m[39m [32mhmr update [39m[2m/src/pages/Reports.jsx[22m
[2m12:01:27 م[22m [36m[1m[vite][22m[39m [90m[2m(client)[22m[39m [32mhmr update [39m[2m/src/pages/Reports.jsx[22m
[2m12:01:33 م[22m [36m[1m[vite][22m[39m [90m[2m(client)[22m[39m [32mhmr update [39m[2m/src/index.css[22m
[2m12:03:49 م[22m [36m[1m[vite][22m[39m [90m[2m(client)[22m[39m [32mhmr update [39m[2m/src/pages/Products.jsx[22m
[2m12:03:54 م[22m [36m[1m[vite][22m[39m [90m[2m(client)[22m[39m [32mhmr update [39m[2m/src/pages/Products.jsx[22m
[2m12:04:00 م[22m [36m[1m[vite][22m[39m [90m[2m(client)[22m[39m [32mhmr update [39m[2m/src/pages/Products.jsx[22m
[2m12:04:15 م[22m [36m[1m[vite][22m[39m [90m[2m(client)[22m[39m [32mhmr update [39m[2m/src/pages/Customers.jsx[22m
[2m12:04:20 م[22m [36m[1m[vite][22m[39m [90m[2m(client)[22m[39m [32mhmr update [39m[2m/src/pages/Customers.jsx[22m
[2m12:15:11 م[22m [36m[1m[vite][22m[39m [90m[2m(client)[22m[39m [32mhmr update [39m[2m/src/index.css[22m
[2m12:15:18 م[22m [36m[1m[vite][22m[39m [90m[2m(client)[22m[39m [32mhmr update [39m[2m/src/pages/Products.jsx[22m
[2m12:15:23 م[22m [36m[1m[vite][22m[39m [90m[2m(client)[22m[39m [32mhmr update [39m[2m/src/pages/Customers.jsx[22m
[2m12:15:56 م[22m [36m[1m[vite][22m[39m [90m[2m(client)[22m[39m [32mhmr update [39m[2m/src/pages/Reports.jsx[22m
[2m12:19:33 م[22m [36m[1m[vite][22m[39m [90m[2m(client)[22m[39m [32mhmr update [39m[2m/src/pages/Reports.jsx[22m
[2m12:19:37 م[22m [36m[1m[vite][22m[39m [90m[2m(client)[22m[39m [32mhmr update [39m[2m/src/pages/Reports.jsx[22m
[2m12:19:41 م[22m [36m[1m[vite][22m[39m [90m[2m(client)[22m[39m [32mhmr update [39m[2m/src/pages/Products.jsx[22m
[2m12:19:45 م[22m [36m[1m[vite][22m[39m [90m[2m(client)[22m[39m [32mhmr update [39m[2m/src/pages/Products.jsx[22m
[2m12:20:08 م[22m [36m[1m[vite][22m[39m [90m[2m(client)[22m[39m [32mhmr update [39m[2m/src/pages/Products.jsx[22m
[2m12:20:12 م[22m [36m[1m[vite][22m[39m [90m[2m(client)[22m[39m [32mhmr update [39m[2m/src/pages/Customers.jsx[22m
[2m12:20:16 م[22m [36m[1m[vite][22m[39m [90m[2m(client)[22m[39m [32mhmr update [39m[2m/src/pages/Customers.jsx[22m
[2m12:20:30 م[22m [36m[1m[vite][22m[39m [90m[2m(client)[22m[39m [32mhmr update [39m[2m/src/pages/Customers.jsx[22m
[2m12:21:02 م[22m [36m[1m[vite][22m[39m [90m[2m(client)[22m[39m [32mhmr update [39m[2m/src/pages/Reports.jsx, /src/pages/Products.jsx, /src/pages/Customers.jsx[22m
[2m12:33:42 م[22m [31m[1m[vite][22m[39m [31m[2m(client)[22m[39m [2m[console.error] [22mSupabase fetch error, falling back to localStorage: {"code":"PGRST205","details":null,"hint":null,"message":"Could not find the table 'public.customers' in the schema cache"}
[2m12:33:42 م[22m [33m[1m[vite][22m[39m [33m[2m(client)[22m[39m [2m[console.warn] [22mThe width(-1) and height(-1) of chart should be greater than 0,
       please check the style of container, or the props width(100%) and height(90%),
       or add a minWidth(0) or minHeight(undefined) or use aspect(undefined) to control the
       height and width.
[2m12:33:42 م[22m [33m[1m[vite][22m[39m [33m[2m(client)[22m[39m [2m[console.warn] [22mThe width(-1) and height(-1) of chart should be greater than 0,
       please check the style of container, or the props width(100%) and height(90%),
       or add a minWidth(0) or minHeight(undefined) or use aspect(undefined) to control the
       height and width.
[2m12:33:42 م[22m [33m[1m[vite][22m[39m [33m[2m(client)[22m[39m [2m[console.warn] [22mThe width(-1) and height(-1) of chart should be greater than 0,
       please check the style of container, or the props width(100%) and height(90%),
       or add a minWidth(0) or minHeight(undefined) or use aspect(undefined) to control the
       height and width.
[2m12:33:42 م[22m [33m[1m[vite][22m[39m [33m[2m(client)[22m[39m [2m[console.warn] [22mThe width(-1) and height(-1) of chart should be greater than 0,
       please check the style of container, or the props width(100%) and height(90%),
       or add a minWidth(0) or minHeight(undefined) or use aspect(undefined) to control the
       height and width.
[2m12:33:42 م[22m [31m[1m[vite][22m[39m [31m[2m(client)[22m[39m [2m[console.error] [22mSupabase fetch error, falling back to localStorage: {"code":"PGRST205","details":null,"hint":null,"message":"Could not find the table 'public.customers' in the schema cache"}
[2m12:34:08 م[22m [31m[1m[vite][22m[39m [31m[2m(client)[22m[39m [2m[console.error] [22m{"code":"PGRST205","details":null,"hint":null,"message":"Could not find the table 'public.products' in the schema cache"}
[2m12:39:57 م[22m [36m[1m[vite][22m[39m [90m[2m(client)[22m[39m [32mhmr update [39m[2m/src/pages/Orders.jsx[22m
[2m12:39:59 م[22m [33m[1m[vite][22m[39m [33m[2m(client)[22m[39m [2m[console.warn] [22mThe width(-1) and height(-1) of chart should be greater than 0,
       please check the style of container, or the props width(100%) and height(90%),
       or add a minWidth(0) or minHeight(undefined) or use aspect(undefined) to control the
       height and width.
[2m12:39:59 م[22m [33m[1m[vite][22m[39m [33m[2m(client)[22m[39m [2m[console.warn] [22mThe width(-1) and height(-1) of chart should be greater than 0,
       please check the style of container, or the props width(100%) and height(90%),
       or add a minWidth(0) or minHeight(undefined) or use aspect(undefined) to control the
       height and width.
[2m12:39:59 م[22m [33m[1m[vite][22m[39m [33m[2m(client)[22m[39m [2m[console.warn] [22mThe width(-1) and height(-1) of chart should be greater than 0,
       please check the style of container, or the props width(100%) and height(90%),
       or add a minWidth(0) or minHeight(undefined) or use aspect(undefined) to control the
       height and width.
[2m12:39:59 م[22m [33m[1m[vite][22m[39m [33m[2m(client)[22m[39m [2m[console.warn] [22mThe width(-1) and height(-1) of chart should be greater than 0,
       please check the style of container, or the props width(100%) and height(90%),
       or add a minWidth(0) or minHeight(undefined) or use aspect(undefined) to control the
       height and width.
[2m12:40:02 م[22m [36m[1m[vite][22m[39m [90m[2m(client)[22m[39m [32mhmr update [39m[2m/src/pages/Orders.jsx[22m
[2m12:40:07 م[22m [36m[1m[vite][22m[39m [90m[2m(client)[22m[39m [32mhmr update [39m[2m/src/pages/Orders.jsx[22m
[2m12:43:01 م[22m [31m[1m[vite][22m[39m [31m[2m(client)[22m[39m [2m[console.error] [22m{"code":"PGRST205","details":null,"hint":null,"message":"Could not find the table 'public.customers' in the schema cache"}
[2m12:43:01 م[22m [31m[1m[vite][22m[39m [31m[2m(client)[22m[39m [2m[console.error] [22m{"code":"PGRST205","details":null,"hint":null,"message":"Could not find the table 'public.customers' in the schema cache"}
[2m12:43:01 م[22m [31m[1m[vite][22m[39m [31m[2m(client)[22m[39m [2m[console.error] [22m{"code":"PGRST205","details":null,"hint":null,"message":"Could not find the table 'public.orders' in the schema cache"}
[2m12:43:01 م[22m [31m[1m[vite][22m[39m [31m[2m(client)[22m[39m [2m[console.error] [22m{"code":"PGRST205","details":null,"hint":null,"message":"Could not find the table 'public.products' in the schema cache"}
[2m12:43:01 م[22m [31m[1m[vite][22m[39m [31m[2m(client)[22m[39m [2m[console.error] [22m{"code":"PGRST205","details":null,"hint":null,"message":"Could not find the table 'public.products' in the schema cache"}
[2m12:51:36 م[22m [36m[1m[vite][22m[39m [90m[2m(client)[22m[39m [32mpage reload [39m[2mindex.html[22m
[2m12:51:53 م[22m [36m[1m[vite][22m[39m [90m[2m(client)[22m[39m [32mhmr update [39m[2m/src/pages/Dashboard.jsx[22m
[2m12:51:58 م[22m [36m[1m[vite][22m[39m [90m[2m(client)[22m[39m [32mhmr update [39m[2m/src/pages/Dashboard.jsx[22m
[2m12:52:03 م[22m [36m[1m[vite][22m[39m [90m[2m(client)[22m[39m [32mhmr update [39m[2m/src/pages/Products.jsx[22m
[2m12:52:12 م[22m [36m[1m[vite][22m[39m [90m[2m(client)[22m[39m [32mhmr update [39m[2m/src/pages/Products.jsx[22m
[2m12:52:20 م[22m [36m[1m[vite][22m[39m [90m[2m(client)[22m[39m [32mhmr update [39m[2m/src/pages/Products.jsx[22m
[2m12:52:34 م[22m [36m[1m[vite][22m[39m [90m[2m(client)[22m[39m [32mhmr update [39m[2m/src/pages/Customers.jsx[22m
[2m12:52:38 م[22m [36m[1m[vite][22m[39m [90m[2m(client)[22m[39m [32mhmr update [39m[2m/src/pages/Customers.jsx[22m
[2m12:52:51 م[22m [36m[1m[vite][22m[39m [90m[2m(client)[22m[39m [32mhmr update [39m[2m/src/pages/Customers.jsx[22m
[2m12:52:55 م[22m [36m[1m[vite][22m[39m [90m[2m(client)[22m[39m [32mhmr update [39m[2m/src/pages/Orders.jsx[22m
[2m12:53:03 م[22m [36m[1m[vite][22m[39m [90m[2m(client)[22m[39m [32mhmr update [39m[2m/src/pages/Orders.jsx[22m
[2m12:53:09 م[22m [36m[1m[vite][22m[39m [90m[2m(client)[22m[39m [32mhmr update [39m[2m/src/pages/Orders.jsx[22m
[2m12:53:36 م[22m [36m[1m[vite][22m[39m [90m[2m(client)[22m[39m [32mhmr update [39m[2m/src/context/DataContext.jsx[22m
[2m12:53:36 م[22m [36m[1m[vite][22m[39m [90m[2m(client)[22m[39m [33mhmr invalidate [39m[2m/src/context/DataContext.jsx[22m Could not Fast Refresh ("useData" export is incompatible). Learn more at https://github.com/vitejs/vite-plugin-react/tree/main/packages/plugin-react#consistent-components-exports
[2m12:53:36 م[22m [36m[1m[vite][22m[39m [90m[2m(client)[22m[39m [32mhmr update [39m[2m/src/App.jsx, /src/components/Layout.jsx, /src/context/NotificationContext.jsx, /src/pages/Dashboard.jsx, /src/pages/Reports.jsx, /src/pages/Products.jsx, /src/pages/Orders.jsx, /src/pages/Settings.jsx, /src/pages/Customers.jsx[22m
[2m12:53:37 م[22m [36m[1m[vite][22m[39m [90m[2m(client)[22m[39m [33mhmr invalidate [39m[2m/src/context/NotificationContext.jsx[22m Could not Fast Refresh ("useNotifications" export is incompatible). Learn more at https://github.com/vitejs/vite-plugin-react/tree/main/packages/plugin-react#consistent-components-exports
[2m12:53:37 م[22m [36m[1m[vite][22m[39m [90m[2m(client)[22m[39m [32mhmr update [39m[2m/src/App.jsx, /src/components/Layout.jsx, /src/pages/Dashboard.jsx[22m
[2m12:53:42 م[22m [36m[1m[vite][22m[39m [90m[2m(client)[22m[39m [32mhmr update [39m[2m/src/context/DataContext.jsx[22m
[2m12:53:42 م[22m [36m[1m[vite][22m[39m [90m[2m(client)[22m[39m [33mhmr invalidate [39m[2m/src/context/DataContext.jsx[22m Could not Fast Refresh ("useData" export is incompatible). Learn more at https://github.com/vitejs/vite-plugin-react/tree/main/packages/plugin-react#consistent-components-exports
[2m12:53:42 م[22m [36m[1m[vite][22m[39m [90m[2m(client)[22m[39m [32mhmr update [39m[2m/src/App.jsx, /src/components/Layout.jsx, /src/context/NotificationContext.jsx, /src/pages/Dashboard.jsx, /src/pages/Reports.jsx, /src/pages/Products.jsx, /src/pages/Orders.jsx, /src/pages/Settings.jsx, /src/pages/Customers.jsx[22m
[2m12:53:42 م[22m [36m[1m[vite][22m[39m [90m[2m(client)[22m[39m [33mhmr invalidate [39m[2m/src/context/NotificationContext.jsx[22m Could not Fast Refresh ("useNotifications" export is incompatible). Learn more at https://github.com/vitejs/vite-plugin-react/tree/main/packages/plugin-react#consistent-components-exports
[2m12:53:42 م[22m [36m[1m[vite][22m[39m [90m[2m(client)[22m[39m [32mhmr update [39m[2m/src/App.jsx, /src/components/Layout.jsx, /src/pages/Dashboard.jsx[22m
[2m12:54:12 م[22m [36m[1m[vite][22m[39m [90m[2m(client)[22m[39m [32mhmr update [39m[2m/src/pages/Products.jsx[22m
[2m1:10:42 م[22m [31m[1m[vite][22m[39m [31m[2m(client)[22m[39m [2m[console.error] [22mSupabase fetch error, falling back to localStorage: {"code":"PGRST205","details":null,"hint":null,"message":"Could not find the table 'public.orders' in the schema cache"}
[2m1:10:42 م[22m [33m[1m[vite][22m[39m [33m[2m(client)[22m[39m [2m[console.warn] [22mThe width(-1) and height(-1) of chart should be greater than 0,
       please check the style of container, or the props width(100%) and height(90%),
       or add a minWidth(0) or minHeight(undefined) or use aspect(undefined) to control the
       height and width.
[2m1:10:42 م[22m [33m[1m[vite][22m[39m [33m[2m(client)[22m[39m [2m[console.warn] [22mThe width(-1) and height(-1) of chart should be greater than 0,
       please check the style of container, or the props width(100%) and height(90%),
       or add a minWidth(0) or minHeight(undefined) or use aspect(undefined) to control the
       height and width.
[2m1:10:42 م[22m [33m[1m[vite][22m[39m [33m[2m(client)[22m[39m [2m[console.warn] [22mThe width(-1) and height(-1) of chart should be greater than 0,
       please check the style of container, or the props width(100%) and height(90%),
       or add a minWidth(0) or minHeight(undefined) or use aspect(undefined) to control the
       height and width.
[2m1:10:42 م[22m [33m[1m[vite][22m[39m [33m[2m(client)[22m[39m [2m[console.warn] [22mThe width(-1) and height(-1) of chart should be greater than 0,
       please check the style of container, or the props width(100%) and height(90%),
       or add a minWidth(0) or minHeight(undefined) or use aspect(undefined) to control the
       height and width.
[2m1:10:43 م[22m [31m[1m[vite][22m[39m [31m[2m(client)[22m[39m [2m[console.error] [22mSupabase fetch error, falling back to localStorage: {"code":"PGRST205","details":null,"hint":null,"message":"Could not find the table 'public.customers' in the schema cache"}
[2m1:11:46 م[22m [31m[1m[vite][22m[39m [31m[2m(client)[22m[39m [2m[console.error] [22m{"code":"PGRST205","details":null,"hint":null,"message":"Could not find the table 'public.customers' in the schema cache"}
[2m1:11:46 م[22m [31m[1m[vite][22m[39m [31m[2m(client)[22m[39m [2m[console.error] [22m{"code":"PGRST205","details":null,"hint":null,"message":"Could not find the table 'public.customers' in the schema cache"}
[2m1:11:46 م[22m [31m[1m[vite][22m[39m [31m[2m(client)[22m[39m [2m[console.error] [22m{"code":"PGRST205","details":null,"hint":null,"message":"Could not find the table 'public.orders' in the schema cache"}
[2m1:11:48 م[22m [31m[1m[vite][22m[39m [31m[2m(client)[22m[39m [2m[console.error] [22m{"code":"PGRST205","details":null,"hint":null,"message":"Could not find the table 'public.orders' in the schema cache"}
[2m1:12:31 م[22m [36m[1m[vite][22m[39m [90m[2m(client)[22m[39m [32mhmr update [39m[2m/src/App.jsx[22m
[2m1:12:35 م[22m [36m[1m[vite][22m[39m [90m[2m(client)[22m[39m [32mhmr update [39m[2m/src/App.jsx[22m
[2m1:12:36 م[22m [31m[1m[vite][22m[39m [31m[2m(client)[22m[39m [2m[console.error] [22mSupabase fetch error, falling back to localStorage: {"code":"PGRST205","details":null,"hint":null,"message":"Could not find the table 'public.orders' in the schema cache"}
[2m1:12:36 م[22m [31m[1m[vite][22m[39m [31m[2m(client)[22m[39m [2m[console.error] [22mSupabase fetch error, falling back to localStorage: {"code":"PGRST205","details":null,"hint":null,"message":"Could not find the table 'public.products' in the schema cache"}
[2m1:12:41 م[22m [36m[1m[vite][22m[39m [90m[2m(client)[22m[39m [32mhmr update [39m[2m/src/context/DataContext.jsx[22m
[2m1:12:41 م[22m [36m[1m[vite][22m[39m [90m[2m(client)[22m[39m [33mhmr invalidate [39m[2m/src/context/DataContext.jsx[22m Could not Fast Refresh ("useData" export is incompatible). Learn more at https://github.com/vitejs/vite-plugin-react/tree/main/packages/plugin-react#consistent-components-exports
[2m1:12:41 م[22m [36m[1m[vite][22m[39m [90m[2m(client)[22m[39m [32mhmr update [39m[2m/src/App.jsx, /src/components/Layout.jsx, /src/context/NotificationContext.jsx, /src/pages/Dashboard.jsx, /src/pages/Reports.jsx, /src/pages/Products.jsx, /src/pages/Orders.jsx, /src/pages/Settings.jsx, /src/pages/Customers.jsx[22m
[2m1:12:42 م[22m [36m[1m[vite][22m[39m [90m[2m(client)[22m[39m [33mhmr invalidate [39m[2m/src/context/NotificationContext.jsx[22m Could not Fast Refresh ("useNotifications" export is incompatible). Learn more at https://github.com/vitejs/vite-plugin-react/tree/main/packages/plugin-react#consistent-components-exports
[2m1:12:42 م[22m [36m[1m[vite][22m[39m [90m[2m(client)[22m[39m [32mhmr update [39m[2m/src/App.jsx, /src/components/Layout.jsx, /src/pages/Dashboard.jsx[22m
[2m1:12:49 م[22m [36m[1m[vite][22m[39m [90m[2m(client)[22m[39m [32mhmr update [39m[2m/src/context/DataContext.jsx[22m
[2m1:12:49 م[22m [36m[1m[vite][22m[39m [90m[2m(client)[22m[39m [33mhmr invalidate [39m[2m/src/context/DataContext.jsx[22m Could not Fast Refresh ("useData" export is incompatible). Learn more at https://github.com/vitejs/vite-plugin-react/tree/main/packages/plugin-react#consistent-components-exports
[2m1:12:49 م[22m [36m[1m[vite][22m[39m [90m[2m(client)[22m[39m [32mhmr update [39m[2m/src/App.jsx, /src/components/Layout.jsx, /src/context/NotificationContext.jsx, /src/pages/Dashboard.jsx, /src/pages/Reports.jsx, /src/pages/Products.jsx, /src/pages/Orders.jsx, /src/pages/Settings.jsx, /src/pages/Customers.jsx[22m
[2m1:12:49 م[22m [36m[1m[vite][22m[39m [90m[2m(client)[22m[39m [33mhmr invalidate [39m[2m/src/context/NotificationContext.jsx[22m Could not Fast Refresh ("useNotifications" export is incompatible). Learn more at https://github.com/vitejs/vite-plugin-react/tree/main/packages/plugin-react#consistent-components-exports
[2m1:12:49 م[22m [36m[1m[vite][22m[39m [90m[2m(client)[22m[39m [32mhmr update [39m[2m/src/App.jsx, /src/components/Layout.jsx, /src/pages/Dashboard.jsx[22m
[2m1:12:50 م[22m [31m[1m[vite][22m[39m [31m[2m(client)[22m[39m [2m[console.error] [22mSupabase fetch error, falling back to localStorage: {"code":"PGRST205","details":null,"hint":null,"message":"Could not find the table 'public.products' in the schema cache"}
[2m1:13:06 م[22m [36m[1m[vite][22m[39m [90m[2m(client)[22m[39m [32mhmr update [39m[2m/src/context/DataContext.jsx[22m
[2m1:13:06 م[22m [36m[1m[vite][22m[39m [90m[2m(client)[22m[39m [33mhmr invalidate [39m[2m/src/context/DataContext.jsx[22m Could not Fast Refresh ("useData" export is incompatible). Learn more at https://github.com/vitejs/vite-plugin-react/tree/main/packages/plugin-react#consistent-components-exports
[2m1:13:06 م[22m [36m[1m[vite][22m[39m [90m[2m(client)[22m[39m [32mhmr update [39m[2m/src/App.jsx, /src/components/Layout.jsx, /src/context/NotificationContext.jsx, /src/pages/Dashboard.jsx, /src/pages/Reports.jsx, /src/pages/Products.jsx, /src/pages/Orders.jsx, /src/pages/Settings.jsx, /src/pages/Customers.jsx[22m
[2m1:13:07 م[22m [36m[1m[vite][22m[39m [90m[2m(client)[22m[39m [33mhmr invalidate [39m[2m/src/context/NotificationContext.jsx[22m Could not Fast Refresh ("useNotifications" export is incompatible). Learn more at https://github.com/vitejs/vite-plugin-react/tree/main/packages/plugin-react#consistent-components-exports
[2m1:13:07 م[22m [36m[1m[vite][22m[39m [90m[2m(client)[22m[39m [32mhmr update [39m[2m/src/App.jsx, /src/components/Layout.jsx, /src/pages/Dashboard.jsx[22m
[2m1:13:20 م[22m [36m[1m[vite][22m[39m [90m[2m(client)[22m[39m [32mhmr update [39m[2m/src/context/DataContext.jsx[22m
[2m1:13:20 م[22m [36m[1m[vite][22m[39m [90m[2m(client)[22m[39m [33mhmr invalidate [39m[2m/src/context/DataContext.jsx[22m Could not Fast Refresh ("useData" export is incompatible). Learn more at https://github.com/vitejs/vite-plugin-react/tree/main/packages/plugin-react#consistent-components-exports
[2m1:13:20 م[22m [36m[1m[vite][22m[39m [90m[2m(client)[22m[39m [32mhmr update [39m[2m/src/App.jsx, /src/components/Layout.jsx, /src/context/NotificationContext.jsx, /src/pages/Dashboard.jsx, /src/pages/Reports.jsx, /src/pages/Products.jsx, /src/pages/Orders.jsx, /src/pages/Settings.jsx, /src/pages/Customers.jsx[22m
[2m1:13:21 م[22m [36m[1m[vite][22m[39m [90m[2m(client)[22m[39m [33mhmr invalidate [39m[2m/src/context/NotificationContext.jsx[22m Could not Fast Refresh ("useNotifications" export is incompatible). Learn more at https://github.com/vitejs/vite-plugin-react/tree/main/packages/plugin-react#consistent-components-exports
[2m1:13:21 م[22m [36m[1m[vite][22m[39m [90m[2m(client)[22m[39m [32mhmr update [39m[2m/src/App.jsx, /src/components/Layout.jsx, /src/pages/Dashboard.jsx[22m
[2m1:13:25 م[22m [36m[1m[vite][22m[39m [90m[2m(client)[22m[39m [32mhmr update [39m[2m/src/context/DataContext.jsx[22m
[2m1:13:25 م[22m [36m[1m[vite][22m[39m [90m[2m(client)[22m[39m [33mhmr invalidate [39m[2m/src/context/DataContext.jsx[22m Could not Fast Refresh ("useData" export is incompatible). Learn more at https://github.com/vitejs/vite-plugin-react/tree/main/packages/plugin-react#consistent-components-exports
[2m1:13:25 م[22m [36m[1m[vite][22m[39m [90m[2m(client)[22m[39m [32mhmr update [39m[2m/src/App.jsx, /src/components/Layout.jsx, /src/context/NotificationContext.jsx, /src/pages/Dashboard.jsx, /src/pages/Reports.jsx, /src/pages/Products.jsx, /src/pages/Orders.jsx, /src/pages/Settings.jsx, /src/pages/Customers.jsx[22m
[2m1:13:25 م[22m [36m[1m[vite][22m[39m [90m[2m(client)[22m[39m [33mhmr invalidate [39m[2m/src/context/NotificationContext.jsx[22m Could not Fast Refresh ("useNotifications" export is incompatible). Learn more at https://github.com/vitejs/vite-plugin-react/tree/main/packages/plugin-react#consistent-components-exports
[2m1:13:25 م[22m [36m[1m[vite][22m[39m [90m[2m(client)[22m[39m [32mhmr update [39m[2m/src/App.jsx, /src/components/Layout.jsx, /src/pages/Dashboard.jsx[22m
[2m1:13:52 م[22m [36m[1m[vite][22m[39m [90m[2m(client)[22m[39m [32mhmr update [39m[2m/src/pages/Products.jsx[22m
[2m1:13:57 م[22m [36m[1m[vite][22m[39m [90m[2m(client)[22m[39m [32mhmr update [39m[2m/src/pages/Products.jsx[22m
[2m1:14:09 م[22m [36m[1m[vite][22m[39m [90m[2m(client)[22m[39m [32mhmr update [39m[2m/src/pages/Products.jsx[22m
[2m1:14:23 م[22m [36m[1m[vite][22m[39m [90m[2m(client)[22m[39m [32mhmr update [39m[2m/src/pages/Products.jsx[22m
[2m1:14:30 م[22m [36m[1m[vite][22m[39m [90m[2m(client)[22m[39m [32mhmr update [39m[2m/src/pages/Customers.jsx[22m
[2m1:14:35 م[22m [36m[1m[vite][22m[39m [90m[2m(client)[22m[39m [32mhmr update [39m[2m/src/pages/Customers.jsx[22m
[2m1:14:40 م[22m [36m[1m[vite][22m[39m [90m[2m(client)[22m[39m [32mhmr update [39m[2m/src/pages/Customers.jsx[22m
[2m1:14:55 م[22m [36m[1m[vite][22m[39m [90m[2m(client)[22m[39m [32mhmr update [39m[2m/src/pages/Customers.jsx[22m
[2m1:15:04 م[22m [36m[1m[vite][22m[39m [90m[2m(client)[22m[39m [32mhmr update [39m[2m/src/pages/Orders.jsx[22m
[2m1:15:12 م[22m [36m[1m[vite][22m[39m [90m[2m(client)[22m[39m [32mhmr update [39m[2m/src/pages/Orders.jsx[22m
[2m1:15:19 م[22m [36m[1m[vite][22m[39m [90m[2m(client)[22m[39m [32mhmr update [39m[2m/src/pages/Orders.jsx[22m
[2m1:15:31 م[22m [36m[1m[vite][22m[39m [90m[2m(client)[22m[39m [32mhmr update [39m[2m/src/pages/Orders.jsx[22m
[2m1:15:57 م[22m [36m[1m[vite][22m[39m [90m[2m(client)[22m[39m [32mhmr update [39m[2m/src/pages/Customers.jsx[22m
[2m1:16:05 م[22m [36m[1m[vite][22m[39m [90m[2m(client)[22m[39m [32mhmr update [39m[2m/src/pages/Customers.jsx[22m
[2m1:16:14 م[22m [36m[1m[vite][22m[39m [90m[2m(client)[22m[39m [32mhmr update [39m[2m/src/pages/Customers.jsx[22m
[2m1:16:26 م[22m [36m[1m[vite][22m[39m [90m[2m(client)[22m[39m [32mhmr update [39m[2m/src/pages/Customers.jsx[22m
[2m1:16:37 م[22m [36m[1m[vite][22m[39m [90m[2m(client)[22m[39m [32mhmr update [39m[2m/src/pages/Customers.jsx[22m
[2m1:17:04 م[22m [36m[1m[vite][22m[39m [90m[2m(client)[22m[39m [32mhmr update [39m[2m/src/context/DataContext.jsx[22m
[2m1:17:04 م[22m [36m[1m[vite][22m[39m [90m[2m(client)[22m[39m [33mhmr invalidate [39m[2m/src/context/DataContext.jsx[22m Could not Fast Refresh ("useData" export is incompatible). Learn more at https://github.com/vitejs/vite-plugin-react/tree/main/packages/plugin-react#consistent-components-exports
[2m1:17:04 م[22m [36m[1m[vite][22m[39m [90m[2m(client)[22m[39m [32mhmr update [39m[2m/src/App.jsx, /src/components/Layout.jsx, /src/context/NotificationContext.jsx, /src/pages/Dashboard.jsx, /src/pages/Reports.jsx, /src/pages/Products.jsx, /src/pages/Orders.jsx, /src/pages/Settings.jsx, /src/pages/Customers.jsx[22m
[2m1:17:04 م[22m [36m[1m[vite][22m[39m [90m[2m(client)[22m[39m [33mhmr invalidate [39m[2m/src/context/NotificationContext.jsx[22m Could not Fast Refresh ("useNotifications" export is incompatible). Learn more at https://github.com/vitejs/vite-plugin-react/tree/main/packages/plugin-react#consistent-components-exports
[2m1:17:04 م[22m [36m[1m[vite][22m[39m [90m[2m(client)[22m[39m [32mhmr update [39m[2m/src/App.jsx, /src/components/Layout.jsx, /src/pages/Dashboard.jsx[22m
[2m1:17:19 م[22m [36m[1m[vite][22m[39m [90m[2m(client)[22m[39m [32mhmr update [39m[2m/src/pages/Orders.jsx[22m
[2m1:17:24 م[22m [36m[1m[vite][22m[39m [90m[2m(client)[22m[39m [32mhmr update [39m[2m/src/pages/Orders.jsx[22m
[2m1:17:32 م[22m [36m[1m[vite][22m[39m [90m[2m(client)[22m[39m [32mhmr update [39m[2m/src/pages/Orders.jsx[22m
[2m1:17:49 م[22m [36m[1m[vite][22m[39m [90m[2m(client)[22m[39m [32mhmr update [39m[2m/src/pages/Orders.jsx[22m
[2m1:18:03 م[22m [36m[1m[vite][22m[39m [90m[2m(client)[22m[39m [32mhmr update [39m[2m/src/pages/Orders.jsx[22m
[2m1:18:21 م[22m [36m[1m[vite][22m[39m [90m[2m(client)[22m[39m [32mhmr update [39m[2m/src/pages/Orders.jsx[22m
[2m1:18:39 م[22m [36m[1m[vite][22m[39m [90m[2m(client)[22m[39m [32mhmr update [39m[2m/src/context/DataContext.jsx[22m
[2m1:18:39 م[22m [36m[1m[vite][22m[39m [90m[2m(client)[22m[39m [33mhmr invalidate [39m[2m/src/context/DataContext.jsx[22m Could not Fast Refresh ("useData" export is incompatible). Learn more at https://github.com/vitejs/vite-plugin-react/tree/main/packages/plugin-react#consistent-components-exports
[2m1:18:39 م[22m [36m[1m[vite][22m[39m [90m[2m(client)[22m[39m [32mhmr update [39m[2m/src/App.jsx, /src/components/Layout.jsx, /src/context/NotificationContext.jsx, /src/pages/Dashboard.jsx, /src/pages/Reports.jsx, /src/pages/Products.jsx, /src/pages/Orders.jsx, /src/pages/Settings.jsx, /src/pages/Customers.jsx[22m
[2m1:18:39 م[22m [36m[1m[vite][22m[39m [90m[2m(client)[22m[39m [33mhmr invalidate [39m[2m/src/context/NotificationContext.jsx[22m Could not Fast Refresh ("useNotifications" export is incompatible). Learn more at https://github.com/vitejs/vite-plugin-react/tree/main/packages/plugin-react#consistent-components-exports
[2m1:18:39 م[22m [36m[1m[vite][22m[39m [90m[2m(client)[22m[39m [32mhmr update [39m[2m/src/App.jsx, /src/components/Layout.jsx, /src/pages/Dashboard.jsx[22m
[2m1:18:51 م[22m [36m[1m[vite][22m[39m [90m[2m(client)[22m[39m [32mhmr update [39m[2m/src/pages/Orders.jsx[22m
[2m1:19:08 م[22m [36m[1m[vite][22m[39m [90m[2m(client)[22m[39m [32mhmr update [39m[2m/src/pages/Products.jsx[22m
[2m1:19:22 م[22m [36m[1m[vite][22m[39m [90m[2m(client)[22m[39m [32mhmr update [39m[2m/src/pages/Products.jsx[22m
[2m1:19:27 م[22m [36m[1m[vite][22m[39m [90m[2m(client)[22m[39m [32mhmr update [39m[2m/src/pages/Products.jsx[22m
[2m1:19:34 م[22m [36m[1m[vite][22m[39m [90m[2m(client)[22m[39m [32mhmr update [39m[2m/src/pages/Products.jsx[22m
[2m1:19:42 م[22m [36m[1m[vite][22m[39m [90m[2m(client)[22m[39m [32mhmr update [39m[2m/src/pages/Products.jsx[22m
[2m1:20:16 م[22m [36m[1m[vite][22m[39m [90m[2m(client)[22m[39m [32mhmr update [39m[2m/src/pages/Customers.jsx[22m
[2m1:20:28 م[22m [36m[1m[vite][22m[39m [90m[2m(client)[22m[39m [32mhmr update [39m[2m/src/pages/Customers.jsx[22m
[2m1:20:33 م[22m [36m[1m[vite][22m[39m [90m[2m(client)[22m[39m [32mhmr update [39m[2m/src/pages/Customers.jsx[22m
[2m1:20:38 م[22m [36m[1m[vite][22m[39m [90m[2m(client)[22m[39m [32mhmr update [39m[2m/src/pages/Customers.jsx[22m
[2m1:20:43 م[22m [36m[1m[vite][22m[39m [90m[2m(client)[22m[39m [32mhmr update [39m[2m/src/pages/Customers.jsx[22m
[2m1:20:48 م[22m [36m[1m[vite][22m[39m [90m[2m(client)[22m[39m [32mhmr update [39m[2m/src/pages/Orders.jsx[22m
[2m1:21:20 م[22m [36m[1m[vite][22m[39m [90m[2m(client)[22m[39m [32mhmr update [39m[2m/src/pages/Orders.jsx[22m
[2m1:23:39 م[22m [36m[1m[vite][22m[39m [90m[2m(client)[22m[39m [32mhmr update [39m[2m/src/context/AuthContext.jsx[22m
[2m1:23:39 م[22m [36m[1m[vite][22m[39m [90m[2m(client)[22m[39m [33mhmr invalidate [39m[2m/src/context/AuthContext.jsx[22m Could not Fast Refresh ("useAuth" export is incompatible). Learn more at https://github.com/vitejs/vite-plugin-react/tree/main/packages/plugin-react#consistent-components-exports
[2m1:23:39 م[22m [36m[1m[vite][22m[39m [90m[2m(client)[22m[39m [32mhmr update [39m[2m/src/App.jsx, /src/components/ProtectedRoute.jsx, /src/components/Layout.jsx, /src/pages/Login.jsx[22m
[2m1:23:40 م[22m [31m[1m[vite][22m[39m [31m[2m(client)[22m[39m [2m[console.error] [22mSupabase fetch error, falling back to localStorage: {"code":"PGRST205","details":null,"hint":null,"message":"Could not find the table 'public.products' in the schema cache"}
[2m1:23:40 م[22m [33m[1m[vite][22m[39m [33m[2m(client)[22m[39m [2m[console.warn] [22mThe width(-1) and height(-1) of chart should be greater than 0,
       please check the style of container, or the props width(100%) and height(90%),
       or add a minWidth(0) or minHeight(undefined) or use aspect(undefined) to control the
       height and width.
[2m1:23:40 م[22m [33m[1m[vite][22m[39m [33m[2m(client)[22m[39m [2m[console.warn] [22mThe width(-1) and height(-1) of chart should be greater than 0,
       please check the style of container, or the props width(100%) and height(90%),
       or add a minWidth(0) or minHeight(undefined) or use aspect(undefined) to control the
       height and width.
[2m1:23:40 م[22m [33m[1m[vite][22m[39m [33m[2m(client)[22m[39m [2m[console.warn] [22mThe width(-1) and height(-1) of chart should be greater than 0,
       please check the style of container, or the props width(100%) and height(90%),
       or add a minWidth(0) or minHeight(undefined) or use aspect(undefined) to control the
       height and width.
[2m1:23:40 م[22m [33m[1m[vite][22m[39m [33m[2m(client)[22m[39m [2m[console.warn] [22mThe width(-1) and height(-1) of chart should be greater than 0,
       please check the style of container, or the props width(100%) and height(90%),
       or add a minWidth(0) or minHeight(undefined) or use aspect(undefined) to control the
       height and width.
[2m1:24:09 م[22m [36m[1m[vite][22m[39m [90m[2m(client)[22m[39m [32mhmr update [39m[2m/src/App.jsx[22m
[2m1:24:14 م[22m [36m[1m[vite][22m[39m [90m[2m(client)[22m[39m [32mhmr update [39m[2m/src/App.jsx[22m
[2m1:24:18 م[22m [36m[1m[vite][22m[39m [90m[2m(client)[22m[39m [32mhmr update [39m[2m/src/components/Layout.jsx[22m
[2m1:24:22 م[22m [36m[1m[vite][22m[39m [90m[2m(client)[22m[39m [32mhmr update [39m[2m/src/components/Layout.jsx[22m
[2m1:24:29 م[22m [36m[1m[vite][22m[39m [90m[2m(client)[22m[39m [32mhmr update [39m[2m/src/components/Layout.jsx[22m
[2m1:24:56 م[22m [36m[1m[vite][22m[39m [90m[2m(client)[22m[39m [32mhmr update [39m[2m/src/pages/Stock.jsx[22m
[2m1:24:59 م[22m [36m[1m[vite][22m[39m [90m[2m(client)[22m[39m [32mhmr update [39m[2m/src/pages/Profile.jsx[22m
[2m1:27:45 م[22m [33m[1m[vite][22m[39m [33m[2m(client)[22m[39m [2m[console.warn] [22mThe width(-1) and height(-1) of chart should be greater than 0,
       please check the style of container, or the props width(100%) and height(90%),
       or add a minWidth(0) or minHeight(undefined) or use aspect(undefined) to control the
       height and width.
[2m1:27:45 م[22m [33m[1m[vite][22m[39m [33m[2m(client)[22m[39m [2m[console.warn] [22mThe width(-1) and height(-1) of chart should be greater than 0,
       please check the style of container, or the props width(100%) and height(90%),
       or add a minWidth(0) or minHeight(undefined) or use aspect(undefined) to control the
       height and width.
[2m1:27:45 م[22m [33m[1m[vite][22m[39m [33m[2m(client)[22m[39m [2m[console.warn] [22mThe width(-1) and height(-1) of chart should be greater than 0,
       please check the style of container, or the props width(100%) and height(90%),
       or add a minWidth(0) or minHeight(undefined) or use aspect(undefined) to control the
       height and width.
[2m1:27:45 م[22m [33m[1m[vite][22m[39m [33m[2m(client)[22m[39m [2m[console.warn] [22mThe width(-1) and height(-1) of chart should be greater than 0,
       please check the style of container, or the props width(100%) and height(90%),
       or add a minWidth(0) or minHeight(undefined) or use aspect(undefined) to control the
       height and width.
[2m1:28:00 م[22m [31m[1m[vite][22m[39m [31m[2m(client)[22m[39m [2m[console.error] [22m{"code":"PGRST205","details":null,"hint":null,"message":"Could not find the table 'public.products' in the schema cache"}
[2m2:29:22 م[22m [36m[1m[vite][22m[39m [90m[2m(client)[22m[39m [32mhmr update [39m[2m/src/pages/Products.jsx, /src/context/DataContext.jsx[22m
[2m2:29:22 م[22m [36m[1m[vite][22m[39m [90m[2m(client)[22m[39m [33mhmr invalidate [39m[2m/src/context/DataContext.jsx[22m Could not Fast Refresh ("useData" export is incompatible). Learn more at https://github.com/vitejs/vite-plugin-react/tree/main/packages/plugin-react#consistent-components-exports
[2m2:29:22 م[22m [36m[1m[vite][22m[39m [90m[2m(client)[22m[39m [32mhmr update [39m[2m/src/App.jsx, /src/components/Layout.jsx, /src/context/NotificationContext.jsx, /src/pages/Dashboard.jsx, /src/pages/Reports.jsx, /src/pages/Products.jsx, /src/pages/Orders.jsx, /src/pages/Settings.jsx, /src/pages/Customers.jsx, /src/pages/Stock.jsx[22m
[2m2:29:22 م[22m [31m[1m[vite][22m[39m [31m[2m(client)[22m[39m [31m[Unhandled error] [1mError[22m: useData must be used within DataProvider
[39m > useData src/context/DataContext.jsx:11:22
    9  |  export const useData = () => {
    10 |    const context = useContext(DataContext);
    11 |    if (!context) throw new Error('useData must be used within DataProvider');
       |                        ^
    12 |    return context;
    13 |  };
 > NotificationProvider src/context/NotificationContext.jsx:14:23
 > Object.react_stack_bottom_frame node_modules/react-dom/cjs/react-dom-client.development.js:25904:19
 > renderWithHooks node_modules/react-dom/cjs/react-dom-client.development.js:7662:21
 > updateFunctionComponent node_modules/react-dom/cjs/react-dom-client.development.js:10166:18
 > beginWork node_modules/react-dom/cjs/react-dom-client.development.js:11778:17
 > runWithFiberInDEV node_modules/react-dom/cjs/react-dom-client.development.js:871:29
 > performUnitOfWork node_modules/react-dom/cjs/react-dom-client.development.js:17641:21
 > workLoopSync node_modules/react-dom/cjs/react-dom-client.development.js:17469:40
 > renderRootSync node_modules/react-dom/cjs/react-dom-client.development.js:17450:10

[2m2:29:22 م[22m [33m[1m[vite][22m[39m [33m[2m(client)[22m[39m [2m[console.warn] [22mAn error occurred in the <NotificationProvider> component.

Consider adding an error boundary to your tree to customize error handling behavior.
Visit https://react.dev/link/error-boundaries to learn more about error boundaries.

[2m2:29:22 م[22m [36m[1m[vite][22m[39m [90m[2m(client)[22m[39m [33mhmr invalidate [39m[2m/src/context/NotificationContext.jsx[22m Could not Fast Refresh ("useNotifications" export is incompatible). Learn more at https://github.com/vitejs/vite-plugin-react/tree/main/packages/plugin-react#consistent-components-exports
[2m2:29:22 م[22m [36m[1m[vite][22m[39m [90m[2m(client)[22m[39m [32mhmr update [39m[2m/src/App.jsx, /src/components/Layout.jsx, /src/pages/Dashboard.jsx[22m
[2m2:29:23 م[22m [33m[1m[vite][22m[39m [33m[2m(client)[22m[39m [2m[console.warn] [22mThe width(-1) and height(-1) of chart should be greater than 0,
       please check the style of container, or the props width(100%) and height(90%),
       or add a minWidth(0) or minHeight(undefined) or use aspect(undefined) to control the
       height and width.
[2m2:29:23 م[22m [33m[1m[vite][22m[39m [33m[2m(client)[22m[39m [2m[console.warn] [22mThe width(-1) and height(-1) of chart should be greater than 0,
       please check the style of container, or the props width(100%) and height(90%),
       or add a minWidth(0) or minHeight(undefined) or use aspect(undefined) to control the
       height and width.
[2m2:29:23 م[22m [33m[1m[vite][22m[39m [33m[2m(client)[22m[39m [2m[console.warn] [22mThe width(-1) and height(-1) of chart should be greater than 0,
       please check the style of container, or the props width(100%) and height(90%),
       or add a minWidth(0) or minHeight(undefined) or use aspect(undefined) to control the
       height and width.
[2m2:29:23 م[22m [33m[1m[vite][22m[39m [33m[2m(client)[22m[39m [2m[console.warn] [22mThe width(-1) and height(-1) of chart should be greater than 0,
       please check the style of container, or the props width(100%) and height(90%),
       or add a minWidth(0) or minHeight(undefined) or use aspect(undefined) to control the
       height and width.
[2m2:32:36 م[22m [31m[1m[vite][22m[39m [31m[2m(client)[22m[39m [2m[console.error] [22mSupabase fetch error, falling back to localStorage: {"code":"PGRST205","details":null,"hint":null,"message":"Could not find the table 'public.products' in the schema cache"}
[2m2:32:36 م[22m [33m[1m[vite][22m[39m [33m[2m(client)[22m[39m [2m[console.warn] [22mThe width(-1) and height(-1) of chart should be greater than 0,
       please check the style of container, or the props width(100%) and height(90%),
       or add a minWidth(0) or minHeight(undefined) or use aspect(undefined) to control the
       height and width.
[2m2:32:36 م[22m [33m[1m[vite][22m[39m [33m[2m(client)[22m[39m [2m[console.warn] [22mThe width(-1) and height(-1) of chart should be greater than 0,
       please check the style of container, or the props width(100%) and height(90%),
       or add a minWidth(0) or minHeight(undefined) or use aspect(undefined) to control the
       height and width.
[2m2:32:36 م[22m [33m[1m[vite][22m[39m [33m[2m(client)[22m[39m [2m[console.warn] [22mThe width(-1) and height(-1) of chart should be greater than 0,
       please check the style of container, or the props width(100%) and height(90%),
       or add a minWidth(0) or minHeight(undefined) or use aspect(undefined) to control the
       height and width.
[2m2:32:36 م[22m [33m[1m[vite][22m[39m [33m[2m(client)[22m[39m [2m[console.warn] [22mThe width(-1) and height(-1) of chart should be greater than 0,
       please check the style of container, or the props width(100%) and height(90%),
       or add a minWidth(0) or minHeight(undefined) or use aspect(undefined) to control the
       height and width.
[2m2:32:37 م[22m [31m[1m[vite][22m[39m [31m[2m(client)[22m[39m [2m[console.error] [22mSupabase fetch error, falling back to localStorage: {"code":"PGRST205","details":null,"hint":null,"message":"Could not find the table 'public.products' in the schema cache"}
[2m2:39:11 م[22m [31m[1m[vite][22m[39m [31m[2m(client)[22m[39m [2m[console.error] [22mSupabase fetch error, falling back to localStorage: {"code":"PGRST205","details":null,"hint":null,"message":"Could not find the table 'public.customers' in the schema cache"}
[2m2:39:11 م[22m [33m[1m[vite][22m[39m [33m[2m(client)[22m[39m [2m[console.warn] [22mThe width(-1) and height(-1) of chart should be greater than 0,
       please check the style of container, or the props width(100%) and height(90%),
       or add a minWidth(0) or minHeight(undefined) or use aspect(undefined) to control the
       height and width.
[2m2:39:11 م[22m [33m[1m[vite][22m[39m [33m[2m(client)[22m[39m [2m[console.warn] [22mThe width(-1) and height(-1) of chart should be greater than 0,
       please check the style of container, or the props width(100%) and height(90%),
       or add a minWidth(0) or minHeight(undefined) or use aspect(undefined) to control the
       height and width.
[2m2:39:11 م[22m [33m[1m[vite][22m[39m [33m[2m(client)[22m[39m [2m[console.warn] [22mThe width(-1) and height(-1) of chart should be greater than 0,
       please check the style of container, or the props width(100%) and height(90%),
       or add a minWidth(0) or minHeight(undefined) or use aspect(undefined) to control the
       height and width.
[2m2:39:11 م[22m [33m[1m[vite][22m[39m [33m[2m(client)[22m[39m [2m[console.warn] [22mThe width(-1) and height(-1) of chart should be greater than 0,
       please check the style of container, or the props width(100%) and height(90%),
       or add a minWidth(0) or minHeight(undefined) or use aspect(undefined) to control the
       height and width.
[2m2:39:11 م[22m [31m[1m[vite][22m[39m [31m[2m(client)[22m[39m [2m[console.error] [22mSupabase fetch error, falling back to localStorage: {"code":"PGRST205","details":null,"hint":null,"message":"Could not find the table 'public.customers' in the schema cache"}
[2m3:17:13 م[22m [33m[1m[vite][22m[39m [33m[2m(client)[22m[39m [2m[console.warn] [22mThe width(-1) and height(-1) of chart should be greater than 0,
       please check the style of container, or the props width(100%) and height(90%),
       or add a minWidth(0) or minHeight(undefined) or use aspect(undefined) to control the
       height and width.
[2m3:17:13 م[22m [33m[1m[vite][22m[39m [33m[2m(client)[22m[39m [2m[console.warn] [22mThe width(-1) and height(-1) of chart should be greater than 0,
       please check the style of container, or the props width(100%) and height(90%),
       or add a minWidth(0) or minHeight(undefined) or use aspect(undefined) to control the
       height and width.
[2m3:17:13 م[22m [33m[1m[vite][22m[39m [33m[2m(client)[22m[39m [2m[console.warn] [22mThe width(-1) and height(-1) of chart should be greater than 0,
       please check the style of container, or the props width(100%) and height(90%),
       or add a minWidth(0) or minHeight(undefined) or use aspect(undefined) to control the
       height and width.
[2m3:17:13 م[22m [33m[1m[vite][22m[39m [33m[2m(client)[22m[39m [2m[console.warn] [22mThe width(-1) and height(-1) of chart should be greater than 0,
       please check the style of container, or the props width(100%) and height(90%),
       or add a minWidth(0) or minHeight(undefined) or use aspect(undefined) to control the
       height and width.
[2m3:17:51 م[22m [31m[1m[vite][22m[39m [31m[2m(client)[22m[39m [2m[console.error] [22m{"code":"22P02","details":null,"hint":null,"message":"invalid input syntax for type uuid: \"1778509070063\""}
[2m3:21:49 م[22m [36m[1m[vite][22m[39m [90m[2m(client)[22m[39m [32mhmr update [39m[2m/src/pages/Products.jsx, /src/context/DataContext.jsx[22m
[2m3:21:49 م[22m [36m[1m[vite][22m[39m [90m[2m(client)[22m[39m [33mhmr invalidate [39m[2m/src/context/DataContext.jsx[22m Could not Fast Refresh ("useData" export is incompatible). Learn more at https://github.com/vitejs/vite-plugin-react/tree/main/packages/plugin-react#consistent-components-exports
[2m3:21:49 م[22m [36m[1m[vite][22m[39m [90m[2m(client)[22m[39m [32mhmr update [39m[2m/src/App.jsx, /src/components/Layout.jsx, /src/context/NotificationContext.jsx, /src/pages/Dashboard.jsx, /src/pages/Reports.jsx, /src/pages/Products.jsx, /src/pages/Orders.jsx, /src/pages/Settings.jsx, /src/pages/Customers.jsx, /src/pages/Stock.jsx[22m
[2m3:21:49 م[22m [36m[1m[vite][22m[39m [90m[2m(client)[22m[39m [33mhmr invalidate [39m[2m/src/context/NotificationContext.jsx[22m Could not Fast Refresh ("useNotifications" export is incompatible). Learn more at https://github.com/vitejs/vite-plugin-react/tree/main/packages/plugin-react#consistent-components-exports
[2m3:21:49 م[22m [36m[1m[vite][22m[39m [90m[2m(client)[22m[39m [32mhmr update [39m[2m/src/App.jsx, /src/components/Layout.jsx, /src/pages/Dashboard.jsx[22m
[2m3:21:54 م[22m [36m[1m[vite][22m[39m [90m[2m(client)[22m[39m [32mhmr update [39m[2m/src/pages/Products.jsx, /src/context/DataContext.jsx[22m
[2m3:21:54 م[22m [36m[1m[vite][22m[39m [90m[2m(client)[22m[39m [33mhmr invalidate [39m[2m/src/context/DataContext.jsx[22m Could not Fast Refresh ("useData" export is incompatible). Learn more at https://github.com/vitejs/vite-plugin-react/tree/main/packages/plugin-react#consistent-components-exports
[2m3:21:54 م[22m [36m[1m[vite][22m[39m [90m[2m(client)[22m[39m [32mhmr update [39m[2m/src/App.jsx, /src/components/Layout.jsx, /src/context/NotificationContext.jsx, /src/pages/Dashboard.jsx, /src/pages/Reports.jsx, /src/pages/Products.jsx, /src/pages/Orders.jsx, /src/pages/Settings.jsx, /src/pages/Customers.jsx, /src/pages/Stock.jsx[22m
[2m3:21:54 م[22m [36m[1m[vite][22m[39m [90m[2m(client)[22m[39m [33mhmr invalidate [39m[2m/src/context/NotificationContext.jsx[22m Could not Fast Refresh ("useNotifications" export is incompatible). Learn more at https://github.com/vitejs/vite-plugin-react/tree/main/packages/plugin-react#consistent-components-exports
[2m3:21:54 م[22m [36m[1m[vite][22m[39m [90m[2m(client)[22m[39m [32mhmr update [39m[2m/src/App.jsx, /src/components/Layout.jsx, /src/pages/Dashboard.jsx[22m
[2m3:22:13 م[22m [36m[1m[vite][22m[39m [90m[2m(client)[22m[39m [32mhmr update [39m[2m/src/pages/Products.jsx, /src/context/DataContext.jsx[22m
[2m3:22:13 م[22m [36m[1m[vite][22m[39m [90m[2m(client)[22m[39m [33mhmr invalidate [39m[2m/src/context/DataContext.jsx[22m Could not Fast Refresh ("useData" export is incompatible). Learn more at https://github.com/vitejs/vite-plugin-react/tree/main/packages/plugin-react#consistent-components-exports
[2m3:22:13 م[22m [36m[1m[vite][22m[39m [90m[2m(client)[22m[39m [32mhmr update [39m[2m/src/App.jsx, /src/components/Layout.jsx, /src/context/NotificationContext.jsx, /src/pages/Dashboard.jsx, /src/pages/Reports.jsx, /src/pages/Products.jsx, /src/pages/Orders.jsx, /src/pages/Settings.jsx, /src/pages/Customers.jsx, /src/pages/Stock.jsx[22m
[2m3:22:13 م[22m [36m[1m[vite][22m[39m [90m[2m(client)[22m[39m [33mhmr invalidate [39m[2m/src/context/NotificationContext.jsx[22m Could not Fast Refresh ("useNotifications" export is incompatible). Learn more at https://github.com/vitejs/vite-plugin-react/tree/main/packages/plugin-react#consistent-components-exports
[2m3:22:13 م[22m [36m[1m[vite][22m[39m [90m[2m(client)[22m[39m [32mhmr update [39m[2m/src/App.jsx, /src/components/Layout.jsx, /src/pages/Dashboard.jsx[22m
[2m3:22:19 م[22m [36m[1m[vite][22m[39m [90m[2m(client)[22m[39m [32mhmr update [39m[2m/src/pages/Products.jsx, /src/context/DataContext.jsx[22m
[2m3:22:19 م[22m [36m[1m[vite][22m[39m [90m[2m(client)[22m[39m [33mhmr invalidate [39m[2m/src/context/DataContext.jsx[22m Could not Fast Refresh ("useData" export is incompatible). Learn more at https://github.com/vitejs/vite-plugin-react/tree/main/packages/plugin-react#consistent-components-exports
[2m3:22:19 م[22m [36m[1m[vite][22m[39m [90m[2m(client)[22m[39m [32mhmr update [39m[2m/src/App.jsx, /src/components/Layout.jsx, /src/context/NotificationContext.jsx, /src/pages/Dashboard.jsx, /src/pages/Reports.jsx, /src/pages/Products.jsx, /src/pages/Orders.jsx, /src/pages/Settings.jsx, /src/pages/Customers.jsx, /src/pages/Stock.jsx[22m
[2m3:22:19 م[22m [36m[1m[vite][22m[39m [90m[2m(client)[22m[39m [33mhmr invalidate [39m[2m/src/context/NotificationContext.jsx[22m Could not Fast Refresh ("useNotifications" export is incompatible). Learn more at https://github.com/vitejs/vite-plugin-react/tree/main/packages/plugin-react#consistent-components-exports
[2m3:22:19 م[22m [36m[1m[vite][22m[39m [90m[2m(client)[22m[39m [32mhmr update [39m[2m/src/App.jsx, /src/components/Layout.jsx, /src/pages/Dashboard.jsx[22m
[2m3:22:25 م[22m [36m[1m[vite][22m[39m [90m[2m(client)[22m[39m [32mhmr update [39m[2m/src/context/DataContext.jsx[22m
[2m3:22:25 م[22m [36m[1m[vite][22m[39m [90m[2m(client)[22m[39m [33mhmr invalidate [39m[2m/src/context/DataContext.jsx[22m Could not Fast Refresh ("useData" export is incompatible). Learn more at https://github.com/vitejs/vite-plugin-react/tree/main/packages/plugin-react#consistent-components-exports
[2m3:22:25 م[22m [36m[1m[vite][22m[39m [90m[2m(client)[22m[39m [32mhmr update [39m[2m/src/App.jsx, /src/components/Layout.jsx, /src/context/NotificationContext.jsx, /src/pages/Dashboard.jsx, /src/pages/Reports.jsx, /src/pages/Products.jsx, /src/pages/Orders.jsx, /src/pages/Settings.jsx, /src/pages/Customers.jsx, /src/pages/Stock.jsx[22m
[2m3:22:26 م[22m [36m[1m[vite][22m[39m [90m[2m(client)[22m[39m [33mhmr invalidate [39m[2m/src/context/NotificationContext.jsx[22m Could not Fast Refresh ("useNotifications" export is incompatible). Learn more at https://github.com/vitejs/vite-plugin-react/tree/main/packages/plugin-react#consistent-components-exports
[2m3:22:26 م[22m [36m[1m[vite][22m[39m [90m[2m(client)[22m[39m [32mhmr update [39m[2m/src/App.jsx, /src/components/Layout.jsx, /src/pages/Dashboard.jsx[22m
[2m3:24:03 م[22m [33m[1m[vite][22m[39m [33m[2m(client)[22m[39m [2m[console.warn] [22mThe width(-1) and height(-1) of chart should be greater than 0,
       please check the style of container, or the props width(100%) and height(90%),
       or add a minWidth(0) or minHeight(undefined) or use aspect(undefined) to control the
       height and width.
[2m3:24:03 م[22m [33m[1m[vite][22m[39m [33m[2m(client)[22m[39m [2m[console.warn] [22mThe width(-1) and height(-1) of chart should be greater than 0,
       please check the style of container, or the props width(100%) and height(90%),
       or add a minWidth(0) or minHeight(undefined) or use aspect(undefined) to control the
       height and width.
[2m3:24:03 م[22m [33m[1m[vite][22m[39m [33m[2m(client)[22m[39m [2m[console.warn] [22mThe width(-1) and height(-1) of chart should be greater than 0,
       please check the style of container, or the props width(100%) and height(90%),
       or add a minWidth(0) or minHeight(undefined) or use aspect(undefined) to control the
       height and width.
[2m3:24:03 م[22m [33m[1m[vite][22m[39m [33m[2m(client)[22m[39m [2m[console.warn] [22mThe width(-1) and height(-1) of chart should be greater than 0,
       please check the style of container, or the props width(100%) and height(90%),
       or add a minWidth(0) or minHeight(undefined) or use aspect(undefined) to control the
       height and width.
[2m3:26:55 م[22m [33m[1m[vite][22m[39m [33m[2m(client)[22m[39m [2m[console.warn] [22mThe width(-1) and height(-1) of chart should be greater than 0,
       please check the style of container, or the props width(100%) and height(90%),
       or add a minWidth(0) or minHeight(undefined) or use aspect(undefined) to control the
       height and width.
[2m3:26:55 م[22m [33m[1m[vite][22m[39m [33m[2m(client)[22m[39m [2m[console.warn] [22mThe width(-1) and height(-1) of chart should be greater than 0,
       please check the style of container, or the props width(100%) and height(90%),
       or add a minWidth(0) or minHeight(undefined) or use aspect(undefined) to control the
       height and width.
[2m3:26:55 م[22m [33m[1m[vite][22m[39m [33m[2m(client)[22m[39m [2m[console.warn] [22mThe width(-1) and height(-1) of chart should be greater than 0,
       please check the style of container, or the props width(100%) and height(90%),
       or add a minWidth(0) or minHeight(undefined) or use aspect(undefined) to control the
       height and width.
[2m3:26:55 م[22m [33m[1m[vite][22m[39m [33m[2m(client)[22m[39m [2m[console.warn] [22mThe width(-1) and height(-1) of chart should be greater than 0,
       please check the style of container, or the props width(100%) and height(90%),
       or add a minWidth(0) or minHeight(undefined) or use aspect(undefined) to control the
       height and width.
[2m3:27:18 م[22m [31m[1m[vite][22m[39m [31m[2m(client)[22m[39m [2m[console.error] [22m{"code":"23505","details":"Key (sku)=(PRD-001) already exists.","hint":null,"message":"duplicate key value violates unique constraint \"products_sku_key\""}
[2m3:33:46 م[22m [33m[1m[vite][22m[39m [33m[2m(client)[22m[39m [2m[console.warn] [22mThe width(-1) and height(-1) of chart should be greater than 0,
       please check the style of container, or the props width(100%) and height(90%),
       or add a minWidth(0) or minHeight(undefined) or use aspect(undefined) to control the
       height and width.
[2m3:33:46 م[22m [33m[1m[vite][22m[39m [33m[2m(client)[22m[39m [2m[console.warn] [22mThe width(-1) and height(-1) of chart should be greater than 0,
       please check the style of container, or the props width(100%) and height(90%),
       or add a minWidth(0) or minHeight(undefined) or use aspect(undefined) to control the
       height and width.
[2m3:33:46 م[22m [33m[1m[vite][22m[39m [33m[2m(client)[22m[39m [2m[console.warn] [22mThe width(-1) and height(-1) of chart should be greater than 0,
       please check the style of container, or the props width(100%) and height(90%),
       or add a minWidth(0) or minHeight(undefined) or use aspect(undefined) to control the
       height and width.
[2m3:33:46 م[22m [33m[1m[vite][22m[39m [33m[2m(client)[22m[39m [2m[console.warn] [22mThe width(-1) and height(-1) of chart should be greater than 0,
       please check the style of container, or the props width(100%) and height(90%),
       or add a minWidth(0) or minHeight(undefined) or use aspect(undefined) to control the
       height and width.
[2m3:34:27 م[22m [36m[1m[vite][22m[39m [90m[2m(client)[22m[39m [32mhmr update [39m[2m/src/pages/Dashboard.jsx[22m
[2m3:34:31 م[22m [36m[1m[vite][22m[39m [90m[2m(client)[22m[39m [32mhmr update [39m[2m/src/pages/Dashboard.jsx[22m
